Build started 1/15/2013 12:38:20 PM.
     1>Project "C:\Users\Zack\documents\visual studio 2010\Projects\wendys\wendys\wendys.vcxproj" on node 2 (build target(s)).
     1>InitializeBuildStatus:
         Touching "Debug\wendys.unsuccessfulbuild".
       ClCompile:
         c:\Program Files (x86)\Microsoft Visual Studio 10.0\VC\bin\CL.exe /c /ZI /nologo /W3 /WX- /Od /Oy- /D _MBCS /Gm /EHsc /RTC1 /MDd /GS /fp:precise /Zc:wchar_t /Zc:forScope /Fo"Debug\\" /Fd"Debug\vc100.pdb" /Gd /TP /analyze- /errorReport:prompt menu.cpp
         menu.cpp
     1>c:\users\zack\documents\visual studio 2010\projects\wendys\wendys\menu.cpp(12): warning C4101: 'h' : unreferenced local variable
     1>c:\users\zack\documents\visual studio 2010\projects\wendys\wendys\menu.cpp(12): warning C4101: 'i' : unreferenced local variable
     1>c:\users\zack\documents\visual studio 2010\projects\wendys\wendys\menu.cpp(12): warning C4101: 'f' : unreferenced local variable
     1>c:\users\zack\documents\visual studio 2010\projects\wendys\wendys\menu.cpp(12): warning C4101: 'g' : unreferenced local variable
     1>c:\users\zack\documents\visual studio 2010\projects\wendys\wendys\menu.cpp(12): warning C4101: 'b' : unreferenced local variable
     1>c:\users\zack\documents\visual studio 2010\projects\wendys\wendys\menu.cpp(12): warning C4101: 'd' : unreferenced local variable
     1>c:\users\zack\documents\visual studio 2010\projects\wendys\wendys\menu.cpp(12): warning C4101: 'c' : unreferenced local variable
     1>c:\users\zack\documents\visual studio 2010\projects\wendys\wendys\menu.cpp(12): warning C4101: 'e' : unreferenced local variable
     1>c:\users\zack\documents\visual studio 2010\projects\wendys\wendys\menu.cpp(44): warning C4101: 'size' : unreferenced local variable
     1>c:\users\zack\documents\visual studio 2010\projects\wendys\wendys\menu.cpp(60): warning C4715: 'combos' : not all control paths return a value
       Link:
         c:\Program Files (x86)\Microsoft Visual Studio 10.0\VC\bin\link.exe /ERRORREPORT:PROMPT /OUT:"C:\Users\Zack\documents\visual studio 2010\Projects\wendys\Debug\wendys.exe" /NOLOGO kernel32.lib user32.lib gdi32.lib winspool.lib comdlg32.lib advapi32.lib shell32.lib ole32.lib oleaut32.lib uuid.lib odbc32.lib odbccp32.lib /MANIFEST /ManifestFile:"Debug\wendys.exe.intermediate.manifest" /MANIFESTUAC:"level='asInvoker' uiAccess='false'" /DEBUG /PDB:"C:\Users\Zack\documents\visual studio 2010\Projects\wendys\Debug\wendys.pdb" /TLBID:1 /DYNAMICBASE /NXCOMPAT /IMPLIB:"C:\Users\Zack\documents\visual studio 2010\Projects\wendys\Debug\wendys.lib" /MACHINE:X86 Debug\menu.obj
     1>menu.obj : error LNK2019: unresolved external symbol "class std::basic_string<char,struct std::char_traits<char>,class std::allocator<char> > __cdecl side(void)" (?side@@YA?AV?$basic_string@DU?$char_traits@D@std@@V?$allocator@D@2@@std@@XZ) referenced in function _main
     1>C:\Users\Zack\documents\visual studio 2010\Projects\wendys\Debug\wendys.exe : fatal error LNK1120: 1 unresolved externals
     1>Done Building Project "C:\Users\Zack\documents\visual studio 2010\Projects\wendys\wendys\wendys.vcxproj" (build target(s)) -- FAILED.

Build FAILED.

Time Elapsed 00:00:05.89
